Using pre-set license
Built from '2020.3/staging' branch; Version is '2020.3.9f1 (108be757e447) revision 1084391'; Using compiler version '192528614'; Build Type 'Release'
OS: 'Windows 10 Home Single Language; OS build 19043.1237; Version 2009; 64bit' Language: 'en' Physical Memory: 8112 MB
BatchMode: 1, IsHumanControllingUs: 0, StartBugReporterOnCrash: 0, Is64bit: 1, IsPro: 0

 COMMAND LINE ARGUMENTS:
C:\Program Files\Unity\Hub\Editor\2020.3.9f1\Editor\Unity.exe
-adb2
-batchMode
-noUpm
-name
AssetImportWorker0
-projectPath
D:/Escape/Escape_team3
-logFile
Logs/AssetImportWorker0.log
-srvPort
65105
Successfully changed project path to: D:/Escape/Escape_team3
D:/Escape/Escape_team3
Using Asset Import Pipeline V2.
Refreshing native plugins compatible for Editor in 47.89 ms, found 1 plugins.
Preloading 0 native plugins for Editor in 0.00 ms.
Initialize engine version: 2020.3.9f1 (108be757e447)
[Subsystems] Discovering subsystems at path C:/Program Files/Unity/Hub/Editor/2020.3.9f1/Editor/Data/Resources/UnitySubsystems
[Subsystems] Discovering subsystems at path D:/Escape/Escape_team3/Assets
GfxDevice: creating device client; threaded=0
Direct3D:
    Version:  Direct3D 11.0 [level 11.1]
    Renderer: NVIDIA GeForce GTX 1650 (ID=0x1f91)
    Vendor:   
    VRAM:     3962 MB
    Driver:   27.21.14.5749
Initialize mono
Mono path[0] = 'C:/Program Files/Unity/Hub/Editor/2020.3.9f1/Editor/Data/Managed'
Mono path[1] = 'C:/Program Files/Unity/Hub/Editor/2020.3.9f1/Editor/Data/MonoBleedingEdge/lib/mono/unityjit'
Mono config path = 'C:/Program Files/Unity/Hub/Editor/2020.3.9f1/Editor/Data/MonoBleedingEdge/etc'
Using monoOptions --debugger-agent=transport=dt_socket,embedding=1,server=y,suspend=n,address=127.0.0.1:56576
Begin MonoManager ReloadAssembly
Registering precompiled unity dll's ...
Register platform support module: C:/Program Files/Unity/Hub/Editor/2020.3.9f1/Editor/Data/PlaybackEngines/WebGLSupport/UnityEditor.WebGL.Extensions.dll
Register platform support module: C:/Program Files/Unity/Hub/Editor/2020.3.9f1/Editor/Data/PlaybackEngines/WindowsStandaloneSupport/UnityEditor.WindowsStandalone.Extensions.dll
Registered in 0.004667 seconds.
Native extension for WindowsStandalone target not found
Native extension for WebGL target not found
Refreshing native plugins compatible for Editor in 96.31 ms, found 1 plugins.
Preloading 0 native plugins for Editor in 0.00 ms.
Mono: successfully reloaded assembly
- Completed reload, in  5.523 seconds
Platform modules already initialized, skipping
Registering precompiled user dll's ...
Registered in 0.000861 seconds.
Begin MonoManager ReloadAssembly
Native extension for WindowsStandalone target not found
Native extension for WebGL target not found
Refreshing native plugins compatible for Editor in 47.54 ms, found 1 plugins.
Preloading 0 native plugins for Editor in 0.00 ms.
Mono: successfully reloaded assembly
- Completed reload, in  1.588 seconds
Platform modules already initialized, skipping
========================================================================
Worker process is ready to serve import requests
Launched and connected shader compiler UnityShaderCompiler.exe after 0.07 seconds
Refreshing native plugins compatible for Editor in 0.41 ms, found 1 plugins.
Preloading 0 native plugins for Editor in 0.00 ms.
Unloading 1815 Unused Serialized files (Serialized files now loaded: 0)
System memory in use before: 85.2 MB.
System memory in use after: 85.2 MB.

Unloading 19 unused Assets to reduce memory usage. Loaded Objects now: 2264.
Total: 2.398300 ms (FindLiveObjects: 0.200600 ms CreateObjectMapping: 0.087300 ms MarkObjects: 2.043700 ms  DeleteObjects: 0.065800 ms)

========================================================================
Received Import Request.
  path: Assets/audio/main_track.mp3
  artifactKey: Guid(90743c8b1b1d2154784e8f29ae1ed5f3) Importer(815301076,1909f56bfc062723c751e8b465ee728b)
Start importing Assets/audio/main_track.mp3 using Guid(90743c8b1b1d2154784e8f29ae1ed5f3) Importer(815301076,1909f56bfc062723c751e8b465ee728b)  -> (artifact id: 'be69677e20ea6ee356ad55d5e0c82829') in 0.171939 seconds
  Import took 0.192453 seconds .

========================================================================
Received Import Request.
  Time since last request: 0.058942 seconds.
  path: Assets/audio/health.mp3
  artifactKey: Guid(267d1bfdee51dca4ab19f79b34cc9792) Importer(815301076,1909f56bfc062723c751e8b465ee728b)
Start importing Assets/audio/health.mp3 using Guid(267d1bfdee51dca4ab19f79b34cc9792) Importer(815301076,1909f56bfc062723c751e8b465ee728b)  -> (artifact id: 'c3a8851fc14d3b1100d79f39c92e61a2') in 0.035226 seconds
  Import took 0.053935 seconds .

========================================================================
Received Import Request.
  Time since last request: 174.486076 seconds.
  path: Assets/scripts/rockspawner.cs
  artifactKey: Guid(09eed4413966a2746bb35f814496e87e) Importer(815301076,1909f56bfc062723c751e8b465ee728b)
Start importing Assets/scripts/rockspawner.cs using Guid(09eed4413966a2746bb35f814496e87e) Importer(815301076,1909f56bfc062723c751e8b465ee728b)  -> (artifact id: '6471c6f386d44d83ad5201003bdefbb9') in 0.018169 seconds
  Import took 0.124233 seconds .

========================================================================
Received Prepare
Registering precompiled user dll's ...
Registered in 0.001053 seconds.
Begin MonoManager ReloadAssembly
Native extension for WindowsStandalone target not found
Native extension for WebGL target not found
Refreshing native plugins compatible for Editor in 0.60 ms, found 1 plugins.
Preloading 0 native plugins for Editor in 0.00 ms.
Mono: successfully reloaded assembly
- Completed reload, in  1.075 seconds
Platform modules already initialized, skipping
Refreshing native plugins compatible for Editor in 0.52 ms, found 1 plugins.
Preloading 0 native plugins for Editor in 0.00 ms.
Unloading 1805 Unused Serialized files (Serialized files now loaded: 0)
System memory in use before: 87.7 MB.
System memory in use after: 87.8 MB.

Unloading 7 unused Assets to reduce memory usage. Loaded Objects now: 2277.
Total: 1.970300 ms (FindLiveObjects: 0.168900 ms CreateObjectMapping: 0.063900 ms MarkObjects: 1.722700 ms  DeleteObjects: 0.013800 ms)

========================================================================
Received Prepare
Registering precompiled user dll's ...
Registered in 0.001654 seconds.
Begin MonoManager ReloadAssembly
Native extension for WindowsStandalone target not found
Native extension for WebGL target not found
Refreshing native plugins compatible for Editor in 0.39 ms, found 1 plugins.
Preloading 0 native plugins for Editor in 0.00 ms.
Mono: successfully reloaded assembly
- Completed reload, in  1.196 seconds
Platform modules already initialized, skipping
Refreshing native plugins compatible for Editor in 0.39 ms, found 1 plugins.
Preloading 0 native plugins for Editor in 0.00 ms.
Unloading 1805 Unused Serialized files (Serialized files now loaded: 0)
System memory in use before: 87.8 MB.
System memory in use after: 87.9 MB.

Unloading 7 unused Assets to reduce memory usage. Loaded Objects now: 2281.
Total: 2.823400 ms (FindLiveObjects: 0.246700 ms CreateObjectMapping: 0.111400 ms MarkObjects: 2.439700 ms  DeleteObjects: 0.024700 ms)

========================================================================
Received Import Request.
  Time since last request: 509.828613 seconds.
  path: Assets/audio/track2.mp3
  artifactKey: Guid(9a6e1d92bd582414fa87e56e556fefd9) Importer(815301076,1909f56bfc062723c751e8b465ee728b)
Start importing Assets/audio/track2.mp3 using Guid(9a6e1d92bd582414fa87e56e556fefd9) Importer(815301076,1909f56bfc062723c751e8b465ee728b)  -> (artifact id: 'e341be498c28a89ff2364251b0676d35') in 0.140275 seconds
  Import took 0.329211 seconds .

========================================================================
Received Prepare
Registering precompiled user dll's ...
Registered in 0.000745 seconds.
Begin MonoManager ReloadAssembly
Native extension for WindowsStandalone target not found
Native extension for WebGL target not found
Refreshing native plugins compatible for Editor in 0.76 ms, found 1 plugins.
Preloading 0 native plugins for Editor in 0.00 ms.
Mono: successfully reloaded assembly
- Completed reload, in  1.423 seconds
Platform modules already initialized, skipping
Refreshing native plugins compatible for Editor in 0.42 ms, found 1 plugins.
Preloading 0 native plugins for Editor in 0.00 ms.
Unloading 1805 Unused Serialized files (Serialized files now loaded: 0)
System memory in use before: 87.8 MB.
System memory in use after: 87.9 MB.

Unloading 7 unused Assets to reduce memory usage. Loaded Objects now: 2286.
Total: 2.437300 ms (FindLiveObjects: 0.209700 ms CreateObjectMapping: 0.074200 ms MarkObjects: 2.134400 ms  DeleteObjects: 0.018100 ms)

========================================================================
Received Import Request.
  Time since last request: 51.906564 seconds.
  path: Assets/audio/menu2.mp3
  artifactKey: Guid(627a9090de4137d40b1a7ab1d4a8085e) Importer(815301076,1909f56bfc062723c751e8b465ee728b)
Start importing Assets/audio/menu2.mp3 using Guid(627a9090de4137d40b1a7ab1d4a8085e) Importer(815301076,1909f56bfc062723c751e8b465ee728b)  -> (artifact id: 'b63bf5c7bffd25348fb76245936fc575') in 0.056730 seconds
  Import took 0.093476 seconds .

========================================================================
Received Prepare
Registering precompiled user dll's ...
Registered in 0.000820 seconds.
Begin MonoManager ReloadAssembly
Native extension for WindowsStandalone target not found
Native extension for WebGL target not found
Refreshing native plugins compatible for Editor in 0.43 ms, found 1 plugins.
Preloading 0 native plugins for Editor in 0.00 ms.
Mono: successfully reloaded assembly
- Completed reload, in  1.735 seconds
Platform modules already initialized, skipping
Refreshing native plugins compatible for Editor in 0.42 ms, found 1 plugins.
Preloading 0 native plugins for Editor in 0.00 ms.
Unloading 1805 Unused Serialized files (Serialized files now loaded: 0)
System memory in use before: 87.8 MB.
System memory in use after: 87.9 MB.

Unloading 7 unused Assets to reduce memory usage. Loaded Objects now: 2291.
Total: 2.411800 ms (FindLiveObjects: 0.222700 ms CreateObjectMapping: 0.080400 ms MarkObjects: 2.089100 ms  DeleteObjects: 0.018500 ms)

========================================================================
Received Prepare
Registering precompiled user dll's ...
Registered in 0.000914 seconds.
Begin MonoManager ReloadAssembly
Native extension for WindowsStandalone target not found
Native extension for WebGL target not found
Refreshing native plugins compatible for Editor in 0.42 ms, found 1 plugins.
Preloading 0 native plugins for Editor in 0.00 ms.
Mono: successfully reloaded assembly
- Completed reload, in  1.425 seconds
Platform modules already initialized, skipping
Refreshing native plugins compatible for Editor in 0.69 ms, found 1 plugins.
Preloading 0 native plugins for Editor in 0.00 ms.
Unloading 1805 Unused Serialized files (Serialized files now loaded: 0)
System memory in use before: 87.8 MB.
System memory in use after: 87.9 MB.

Unloading 7 unused Assets to reduce memory usage. Loaded Objects now: 2295.
Total: 5.613500 ms (FindLiveObjects: 0.293700 ms CreateObjectMapping: 0.085500 ms MarkObjects: 5.194800 ms  DeleteObjects: 0.037000 ms)

========================================================================
Received Import Request.
  Time since last request: 275.736197 seconds.
  path: Assets/Scenes/SampleScene.unity
  artifactKey: Guid(2cda990e2423bbf4892e6590ba056729) Importer(815301076,1909f56bfc062723c751e8b465ee728b)
Start importing Assets/Scenes/SampleScene.unity using Guid(2cda990e2423bbf4892e6590ba056729) Importer(815301076,1909f56bfc062723c751e8b465ee728b)  -> (artifact id: '89da34a3529c9d8e1156900702ecf84a') in 0.028266 seconds
  Import took 0.369230 seconds .

========================================================================
Received Import Request.
  Time since last request: 5.001298 seconds.
  path: Assets/Scenes/SampleScene.unity
  artifactKey: Guid(2cda990e2423bbf4892e6590ba056729) Importer(815301076,1909f56bfc062723c751e8b465ee728b)
Start importing Assets/Scenes/SampleScene.unity using Guid(2cda990e2423bbf4892e6590ba056729) Importer(815301076,1909f56bfc062723c751e8b465ee728b)  -> (artifact id: '89da34a3529c9d8e1156900702ecf84a') in 0.003799 seconds
  Import took 0.009339 seconds .

========================================================================
Received Import Request.
  Time since last request: 15.419959 seconds.
  path: Assets/Scenes/main_scene.unity
  artifactKey: Guid(2cda990e2423bbf4892e6590ba056729) Importer(815301076,1909f56bfc062723c751e8b465ee728b)
Start importing Assets/Scenes/main_scene.unity using Guid(2cda990e2423bbf4892e6590ba056729) Importer(815301076,1909f56bfc062723c751e8b465ee728b)  -> (artifact id: 'ad21f384763802ad23a247092adf308d') in 0.014089 seconds
  Import took 0.026141 seconds .

========================================================================
Received Prepare
Refreshing native plugins compatible for Editor in 1.62 ms, found 1 plugins.
Preloading 0 native plugins for Editor in 0.00 ms.
Unloading 5 Unused Serialized files (Serialized files now loaded: 0)
System memory in use before: 52.3 MB.
System memory in use after: 52.4 MB.

Unloading 5 unused Assets to reduce memory usage. Loaded Objects now: 2295.
Total: 3.211300 ms (FindLiveObjects: 0.222600 ms CreateObjectMapping: 0.075900 ms MarkObjects: 2.893600 ms  DeleteObjects: 0.018200 ms)

========================================================================
Received Prepare
Registering precompiled user dll's ...
Registered in 0.000827 seconds.
Begin MonoManager ReloadAssembly
Native extension for WindowsStandalone target not found
Native extension for WebGL target not found
Refreshing native plugins compatible for Editor in 0.42 ms, found 1 plugins.
Preloading 0 native plugins for Editor in 0.00 ms.
Mono: successfully reloaded assembly
- Completed reload, in  1.529 seconds
Platform modules already initialized, skipping
Refreshing native plugins compatible for Editor in 0.83 ms, found 1 plugins.
Preloading 0 native plugins for Editor in 0.00 ms.
Unloading 1805 Unused Serialized files (Serialized files now loaded: 0)
System memory in use before: 87.9 MB.
System memory in use after: 88.0 MB.

Unloading 7 unused Assets to reduce memory usage. Loaded Objects now: 2299.
Total: 6.163000 ms (FindLiveObjects: 0.861100 ms CreateObjectMapping: 0.173600 ms MarkObjects: 5.093000 ms  DeleteObjects: 0.033600 ms)

========================================================================
Received Prepare
Refreshing native plugins compatible for Editor in 1.12 ms, found 1 plugins.
Preloading 0 native plugins for Editor in 0.00 ms.
Unloading 5 Unused Serialized files (Serialized files now loaded: 0)
System memory in use before: 52.3 MB.
System memory in use after: 52.4 MB.

Unloading 5 unused Assets to reduce memory usage. Loaded Objects now: 2299.
Total: 1.579800 ms (FindLiveObjects: 0.143600 ms CreateObjectMapping: 0.049400 ms MarkObjects: 1.363000 ms  DeleteObjects: 0.023000 ms)

AssetImportWorkerClient::OnTransportError - code=2 error=End of file
